<?xml version="1.0" encoding="UTF-8"?>
<coverage generated="1752635503517" clover="3.2.0">
  <project timestamp="1752635503517" name="All files">
    <metrics statements="94" coveredstatements="78" conditionals="20" coveredconditionals="15" methods="39" coveredmethods="29" elements="153" coveredelements="122" complexity="0" loc="94" ncloc="94" packages="4" files="8" classes="8"/>
    <package name="store">
      <metrics statements="22" coveredstatements="22" conditionals="0" coveredconditionals="0" methods="10" coveredmethods="10"/>
      <file name="entities.ts" path="/Users/carlosguisao/Development/Learning/BugTracking Full/BugTracking/src/store/entities.ts">
        <metrics statements="5" coveredstatements="5" conditionals="0" coveredconditionals="0" methods="0" coveredmethods="0"/>
        <line num="1" count="1" type="stmt"/>
        <line num="2" count="1" type="stmt"/>
        <line num="3" count="1" type="stmt"/>
        <line num="4" count="1" type="stmt"/>
        <line num="6" count="1" type="stmt"/>
      </file>
      <file name="reducer.ts" path="/Users/carlosguisao/Development/Learning/BugTracking Full/BugTracking/src/store/reducer.ts">
        <metrics statements="3" coveredstatements="3" conditionals="0" coveredconditionals="0" methods="0" coveredmethods="0"/>
        <line num="1" count="1" type="stmt"/>
        <line num="2" count="1" type="stmt"/>
        <line num="4" count="1" type="stmt"/>
      </file>
      <file name="store.ts" path="/Users/carlosguisao/Development/Learning/BugTracking Full/BugTracking/src/store/store.ts">
        <metrics statements="14" coveredstatements="14" conditionals="0" coveredconditionals="0" methods="10" coveredmethods="10"/>
        <line num="1" count="1" type="stmt"/>
        <line num="2" count="1" type="stmt"/>
        <line num="3" count="1" type="stmt"/>
        <line num="4" count="1" type="stmt"/>
        <line num="6" count="1" type="stmt"/>
        <line num="7" count="7" type="stmt"/>
        <line num="11" count="7" type="stmt"/>
        <line num="20" count="1" type="stmt"/>
        <line num="22" count="2" type="stmt"/>
        <line num="23" count="2" type="stmt"/>
        <line num="25" count="3" type="stmt"/>
        <line num="28" count="1" type="stmt"/>
        <line num="30" count="2" type="stmt"/>
        <line num="32" count="3" type="stmt"/>
      </file>
    </package>
    <package name="store.actions">
      <metrics statements="4" coveredstatements="4" conditionals="0" coveredconditionals="0" methods="0" coveredmethods="0"/>
      <file name="api.ts" path="/Users/carlosguisao/Development/Learning/BugTracking Full/BugTracking/src/store/actions/api.ts">
        <metrics statements="4" coveredstatements="4" conditionals="0" coveredconditionals="0" methods="0" coveredmethods="0"/>
        <line num="1" count="1" type="stmt"/>
        <line num="4" count="1" type="stmt"/>
        <line num="5" count="1" type="stmt"/>
        <line num="6" count="1" type="stmt"/>
      </file>
    </package>
    <package name="store.middleware">
      <metrics statements="17" coveredstatements="17" conditionals="14" coveredconditionals="13" methods="5" coveredmethods="5"/>
      <file name="api.ts" path="/Users/carlosguisao/Development/Learning/BugTracking Full/BugTracking/src/store/middleware/api.ts">
        <metrics statements="17" coveredstatements="17" conditionals="14" coveredconditionals="13" methods="5" coveredmethods="5"/>
        <line num="2" count="1" type="stmt"/>
        <line num="4" count="1" type="stmt"/>
        <line num="7" count="23" type="stmt"/>
        <line num="16" count="23" type="stmt"/>
        <line num="17" count="23" type="cond" truecount="2" falsecount="0"/>
        <line num="19" count="8" type="cond" truecount="1" falsecount="0"/>
        <line num="21" count="8" type="cond" truecount="2" falsecount="0"/>
        <line num="23" count="8" type="stmt"/>
        <line num="25" count="8" type="stmt"/>
        <line num="26" count="8" type="stmt"/>
        <line num="33" count="5" type="stmt"/>
        <line num="34" count="5" type="cond" truecount="1" falsecount="1"/>
        <line num="35" count="5" type="stmt"/>
        <line num="42" count="3" type="stmt"/>
        <line num="43" count="3" type="cond" truecount="2" falsecount="0"/>
        <line num="44" count="1" type="stmt"/>
        <line num="52" count="1" type="stmt"/>
      </file>
    </package>
    <package name="store.slices">
      <metrics statements="51" coveredstatements="35" conditionals="6" coveredconditionals="2" methods="24" coveredmethods="14"/>
      <file name="bug.ts" path="/Users/carlosguisao/Development/Learning/BugTracking Full/BugTracking/src/store/slices/bug.ts">
        <metrics statements="36" coveredstatements="23" conditionals="6" coveredconditionals="2" methods="22" coveredmethods="14"/>
        <line num="1" count="1" type="stmt"/>
        <line num="2" count="1" type="stmt"/>
        <line num="4" count="1" type="stmt"/>
        <line num="7" count="1" type="stmt"/>
        <line num="13" count="1" type="stmt"/>
        <line num="18" count="1" type="stmt"/>
        <line num="21" count="0" type="stmt"/>
        <line num="22" count="0" type="stmt"/>
        <line num="23" count="0" type="stmt"/>
        <line num="26" count="1" type="stmt"/>
        <line num="29" count="4" type="stmt"/>
        <line num="32" count="0" type="stmt"/>
        <line num="33" count="0" type="stmt"/>
        <line num="39" count="1" type="stmt"/>
        <line num="40" count="1" type="cond" truecount="1" falsecount="1"/>
        <line num="43" count="0" type="stmt"/>
        <line num="44" count="0" type="stmt"/>
        <line num="45" count="0" type="stmt"/>
        <line num="46" count="0" type="stmt"/>
        <line num="47" count="0" type="cond" truecount="0" falsecount="2"/>
        <line num="48" count="0" type="stmt"/>
        <line num="49" count="0" type="stmt"/>
        <line num="55" count="1" type="stmt"/>
        <line num="56" count="1" type="stmt"/>
        <line num="59" count="1" type="stmt"/>
        <line num="61" count="1" type="stmt"/>
        <line num="62" count="1" type="stmt"/>
        <line num="64" count="1" type="stmt"/>
        <line num="66" count="1" type="cond" truecount="1" falsecount="1"/>
        <line num="68" count="1" type="stmt"/>
        <line num="77" count="5" type="stmt"/>
        <line num="78" count="5" type="stmt"/>
        <line num="86" count="2" type="stmt"/>
        <line num="87" count="2" type="stmt"/>
        <line num="95" count="1" type="stmt"/>
        <line num="96" count="0" type="stmt"/>
      </file>
      <file name="project.ts" path="/Users/carlosguisao/Development/Learning/BugTracking Full/BugTracking/src/store/slices/project.ts">
        <metrics statements="7" coveredstatements="6" conditionals="0" coveredconditionals="0" methods="1" coveredmethods="0"/>
        <line num="1" count="1" type="stmt"/>
        <line num="8" count="1" type="stmt"/>
        <line num="10" count="1" type="stmt"/>
        <line num="12" count="1" type="stmt"/>
        <line num="17" count="0" type="stmt"/>
        <line num="22" count="1" type="stmt"/>
        <line num="23" count="1" type="stmt"/>
      </file>
      <file name="users.ts" path="/Users/carlosguisao/Development/Learning/BugTracking Full/BugTracking/src/store/slices/users.ts">
        <metrics statements="8" coveredstatements="6" conditionals="0" coveredconditionals="0" methods="1" coveredmethods="0"/>
        <line num="1" count="1" type="stmt"/>
        <line num="8" count="1" type="stmt"/>
        <line num="10" count="1" type="stmt"/>
        <line num="12" count="1" type="stmt"/>
        <line num="17" count="0" type="stmt"/>
        <line num="18" count="0" type="stmt"/>
        <line num="23" count="1" type="stmt"/>
        <line num="24" count="1" type="stmt"/>
      </file>
    </package>
  </project>
</coverage>
