{"/Users/carlosguisao/Development/Learning/BugTracking Full/BugTracking/src/store/entities.ts": {"path":"/Users/carlosguisao/Development/Learning/BugTracking Full/BugTracking/src/store/entities.ts","statementMap":{"0":{"start":{"line":1,"column":0},"end":{"line":1,"column":51}},"1":{"start":{"line":2,"column":0},"end":{"line":2,"column":43}},"2":{"start":{"line":3,"column":0},"end":{"line":3,"column":37}},"3":{"start":{"line":4,"column":0},"end":{"line":4,"column":39}},"4":{"start":{"line":6,"column":0},"end":{"line":10,"column":null}}},"fnMap":{},"branchMap":{},"s":{"0":1,"1":1,"2":1,"3":1,"4":1},"f":{},"b":{}}
,"/Users/carlosguisao/Development/Learning/BugTracking Full/BugTracking/src/store/reducer.ts": {"path":"/Users/carlosguisao/Development/Learning/BugTracking Full/BugTracking/src/store/reducer.ts","statementMap":{"0":{"start":{"line":1,"column":0},"end":{"line":1,"column":40}},"1":{"start":{"line":2,"column":0},"end":{"line":2,"column":41}},"2":{"start":{"line":4,"column":0},"end":{"line":6,"column":null}}},"fnMap":{},"branchMap":{},"s":{"0":1,"1":1,"2":1},"f":{},"b":{}}
,"/Users/carlosguisao/Development/Learning/BugTracking Full/BugTracking/src/store/store.ts": {"path":"/Users/carlosguisao/Development/Learning/BugTracking Full/BugTracking/src/store/store.ts","statementMap":{"0":{"start":{"line":1,"column":0},"end":{"line":1,"column":50}},"1":{"start":{"line":2,"column":0},"end":{"line":2,"column":32}},"2":{"start":{"line":3,"column":0},"end":{"line":3,"column":50}},"3":{"start":{"line":4,"column":0},"end":{"line":4,"column":35}},"4":{"start":{"line":6,"column":27},"end":{"line":12,"column":4}},"5":{"start":{"line":7,"column":2},"end":{"line":12,"column":4}},"6":{"start":{"line":11,"column":42},"end":{"line":11,"column":76}},"7":{"start":{"line":6,"column":13},"end":{"line":6,"column":27}},"8":{"start":{"line":20,"column":13},"end":{"line":26,"column":null}},"9":{"start":{"line":22,"column":30},"end":{"line":22,"column":57}},"10":{"start":{"line":23,"column":30},"end":{"line":23,"column":61}},"11":{"start":{"line":25,"column":14},"end":{"line":25,"column":52}},"12":{"start":{"line":25,"column":38},"end":{"line":25,"column":51}},"13":{"start":{"line":28,"column":32},"end":{"line":32,"column":null}},"14":{"start":{"line":28,"column":52},"end":{"line":32,"column":null}},"15":{"start":{"line":30,"column":30},"end":{"line":30,"column":57}},"16":{"start":{"line":32,"column":14},"end":{"line":32,"column":64}},"17":{"start":{"line":32,"column":38},"end":{"line":32,"column":63}},"18":{"start":{"line":28,"column":13},"end":{"line":28,"column":32}}},"fnMap":{"0":{"name":"(anonymous_1)","decl":{"start":{"line":6,"column":27},"end":{"line":6,"column":30}},"loc":{"start":{"line":7,"column":2},"end":{"line":12,"column":4}}},"1":{"name":"(anonymous_2)","decl":{"start":{"line":11,"column":16},"end":{"line":11,"column":17}},"loc":{"start":{"line":11,"column":42},"end":{"line":11,"column":76}}},"2":{"name":"(anonymous_3)","decl":{"start":{"line":22,"column":8},"end":{"line":22,"column":9}},"loc":{"start":{"line":22,"column":30},"end":{"line":22,"column":57}}},"3":{"name":"(anonymous_4)","decl":{"start":{"line":23,"column":8},"end":{"line":23,"column":9}},"loc":{"start":{"line":23,"column":30},"end":{"line":23,"column":61}}},"4":{"name":"(anonymous_5)","decl":{"start":{"line":25,"column":4},"end":{"line":25,"column":5}},"loc":{"start":{"line":25,"column":14},"end":{"line":25,"column":52}}},"5":{"name":"(anonymous_6)","decl":{"start":{"line":25,"column":31},"end":{"line":25,"column":34}},"loc":{"start":{"line":25,"column":38},"end":{"line":25,"column":51}}},"6":{"name":"(anonymous_7)","decl":{"start":{"line":28,"column":32},"end":{"line":28,"column":33}},"loc":{"start":{"line":28,"column":52},"end":{"line":32,"column":null}}},"7":{"name":"(anonymous_8)","decl":{"start":{"line":30,"column":8},"end":{"line":30,"column":9}},"loc":{"start":{"line":30,"column":30},"end":{"line":30,"column":57}}},"8":{"name":"(anonymous_9)","decl":{"start":{"line":32,"column":4},"end":{"line":32,"column":5}},"loc":{"start":{"line":32,"column":14},"end":{"line":32,"column":64}}},"9":{"name":"(anonymous_10)","decl":{"start":{"line":32,"column":31},"end":{"line":32,"column":34}},"loc":{"start":{"line":32,"column":38},"end":{"line":32,"column":63}}}},"branchMap":{},"s":{"0":1,"1":1,"2":1,"3":1,"4":1,"5":7,"6":7,"7":1,"8":1,"9":2,"10":2,"11":1,"12":3,"13":1,"14":1,"15":2,"16":1,"17":3,"18":1},"f":{"0":7,"1":7,"2":2,"3":2,"4":1,"5":3,"6":1,"7":2,"8":1,"9":3},"b":{}}
,"/Users/carlosguisao/Development/Learning/BugTracking Full/BugTracking/src/store/actions/api.ts": {"path":"/Users/carlosguisao/Development/Learning/BugTracking Full/BugTracking/src/store/actions/api.ts","statementMap":{"0":{"start":{"line":1,"column":0},"end":{"line":1,"column":48}},"1":{"start":{"line":4,"column":13},"end":{"line":4,"column":74}},"2":{"start":{"line":5,"column":13},"end":{"line":5,"column":78}},"3":{"start":{"line":6,"column":13},"end":{"line":6,"column":76}}},"fnMap":{},"branchMap":{},"s":{"0":1,"1":1,"2":1,"3":1},"f":{},"b":{}}
,"/Users/carlosguisao/Development/Learning/BugTracking Full/BugTracking/src/store/middleware/api.ts": {"path":"/Users/carlosguisao/Development/Learning/BugTracking Full/BugTracking/src/store/middleware/api.ts","statementMap":{"0":{"start":{"line":2,"column":0},"end":{"line":2,"column":26}},"1":{"start":{"line":4,"column":0},"end":{"line":4,"column":42}},"2":{"start":{"line":7,"column":2},"end":{"line":13,"column":4}},"3":{"start":{"line":16,"column":24},"end":{"line":50,"column":2}},"4":{"start":{"line":16,"column":41},"end":{"line":50,"column":2}},"5":{"start":{"line":16,"column":49},"end":{"line":50,"column":2}},"6":{"start":{"line":16,"column":64},"end":{"line":50,"column":2}},"7":{"start":{"line":17,"column":5},"end":{"line":17,"column":60}},"8":{"start":{"line":17,"column":40},"end":{"line":17,"column":60}},"9":{"start":{"line":19,"column":71},"end":{"line":19,"column":85}},"10":{"start":{"line":21,"column":4},"end":{"line":21,"column":null}},"11":{"start":{"line":21,"column":17},"end":{"line":21,"column":null}},"12":{"start":{"line":23,"column":4},"end":{"line":23,"column":null}},"13":{"start":{"line":25,"column":4},"end":{"line":49,"column":5}},"14":{"start":{"line":26,"column":25},"end":{"line":31,"column":10}},"15":{"start":{"line":33,"column":8},"end":{"line":33,"column":null}},"16":{"start":{"line":34,"column":8},"end":{"line":39,"column":9}},"17":{"start":{"line":35,"column":12},"end":{"line":38,"column":null}},"18":{"start":{"line":42,"column":8},"end":{"line":42,"column":null}},"19":{"start":{"line":43,"column":8},"end":{"line":48,"column":9}},"20":{"start":{"line":44,"column":12},"end":{"line":47,"column":null}},"21":{"start":{"line":52,"column":0},"end":{"line":52,"column":null}}},"fnMap":{"0":{"name":"isApiCallBeganAction","decl":{"start":{"line":6,"column":9},"end":{"line":6,"column":29}},"loc":{"start":{"line":6,"column":45},"end":{"line":14,"column":1}}},"1":{"name":"(anonymous_18)","decl":{"start":{"line":16,"column":24},"end":{"line":16,"column":25}},"loc":{"start":{"line":16,"column":41},"end":{"line":50,"column":2}}},"2":{"name":"(anonymous_19)","decl":{"start":{"line":16,"column":41},"end":{"line":16,"column":45}},"loc":{"start":{"line":16,"column":49},"end":{"line":50,"column":2}}},"3":{"name":"(anonymous_20)","decl":{"start":{"line":16,"column":49},"end":{"line":16,"column":55}},"loc":{"start":{"line":16,"column":64},"end":{"line":50,"column":2}}},"4":{"name":"(anonymous_21)","decl":{"start":{"line":16,"column":64},"end":{"line":16,"column":null}},"loc":{"start":{"line":16,"column":64},"end":{"line":50,"column":1}}}},"branchMap":{"0":{"loc":{"start":{"line":8,"column":4},"end":{"line":12,"column":23}},"type":"binary-expr","locations":[{"start":{"line":8,"column":4},"end":{"line":8,"column":30}},{"start":{"line":9,"column":4},"end":{"line":9,"column":19}},{"start":{"line":10,"column":4},"end":{"line":10,"column":20}},{"start":{"line":11,"column":5},"end":{"line":11,"column":54}},{"start":{"line":12,"column":4},"end":{"line":12,"column":23}}]},"1":{"loc":{"start":{"line":17,"column":5},"end":{"line":17,"column":60}},"type":"if","locations":[{"start":{"line":17,"column":5},"end":{"line":17,"column":60}},{"start":{},"end":{}}]},"2":{"loc":{"start":{"line":19,"column":17},"end":{"line":19,"column":31}},"type":"default-arg","locations":[{"start":{"line":19,"column":26},"end":{"line":19,"column":31}}]},"3":{"loc":{"start":{"line":21,"column":4},"end":{"line":21,"column":null}},"type":"if","locations":[{"start":{"line":21,"column":4},"end":{"line":21,"column":null}},{"start":{},"end":{}}]},"4":{"loc":{"start":{"line":34,"column":8},"end":{"line":39,"column":9}},"type":"if","locations":[{"start":{"line":34,"column":8},"end":{"line":39,"column":9}},{"start":{},"end":{}}]},"5":{"loc":{"start":{"line":43,"column":8},"end":{"line":48,"column":9}},"type":"if","locations":[{"start":{"line":43,"column":8},"end":{"line":48,"column":9}},{"start":{},"end":{}}]}},"s":{"0":1,"1":1,"2":23,"3":1,"4":7,"5":7,"6":23,"7":23,"8":15,"9":8,"10":8,"11":1,"12":8,"13":8,"14":8,"15":5,"16":5,"17":5,"18":3,"19":3,"20":1,"21":1},"f":{"0":23,"1":7,"2":7,"3":23,"4":23},"b":{"0":[23,23,23,23,8],"1":[15,8],"2":[1],"3":[1,7],"4":[5,0],"5":[1,2]}}
,"/Users/carlosguisao/Development/Learning/BugTracking Full/BugTracking/src/store/slices/bug.ts": {"path":"/Users/carlosguisao/Development/Learning/BugTracking Full/BugTracking/src/store/slices/bug.ts","statementMap":{"0":{"start":{"line":1,"column":0},"end":{"line":1,"column":47}},"1":{"start":{"line":2,"column":0},"end":{"line":2,"column":46}},"2":{"start":{"line":4,"column":0},"end":{"line":4,"column":28}},"3":{"start":{"line":7,"column":31},"end":{"line":11,"column":2}},"4":{"start":{"line":13,"column":17},"end":{"line":53,"column":2}},"5":{"start":{"line":18,"column":12},"end":{"line":18,"column":null}},"6":{"start":{"line":21,"column":12},"end":{"line":21,"column":null}},"7":{"start":{"line":22,"column":12},"end":{"line":22,"column":null}},"8":{"start":{"line":23,"column":12},"end":{"line":23,"column":null}},"9":{"start":{"line":26,"column":12},"end":{"line":26,"column":null}},"10":{"start":{"line":29,"column":12},"end":{"line":29,"column":null}},"11":{"start":{"line":32,"column":12},"end":{"line":36,"column":null}},"12":{"start":{"line":33,"column":46},"end":{"line":33,"column":74}},"13":{"start":{"line":39,"column":26},"end":{"line":39,"column":79}},"14":{"start":{"line":39,"column":52},"end":{"line":39,"column":78}},"15":{"start":{"line":40,"column":12},"end":{"line":40,"column":64}},"16":{"start":{"line":40,"column":31},"end":{"line":40,"column":64}},"17":{"start":{"line":43,"column":12},"end":{"line":43,"column":null}},"18":{"start":{"line":44,"column":26},"end":{"line":44,"column":78}},"19":{"start":{"line":44,"column":51},"end":{"line":44,"column":77}},"20":{"start":{"line":45,"column":12},"end":{"line":45,"column":null}},"21":{"start":{"line":46,"column":12},"end":{"line":46,"column":null}},"22":{"start":{"line":47,"column":12},"end":{"line":50,"column":13}},"23":{"start":{"line":48,"column":16},"end":{"line":48,"column":null}},"24":{"start":{"line":49,"column":16},"end":{"line":49,"column":null}},"25":{"start":{"line":55,"column":100},"end":{"line":55,"column":116}},"26":{"start":{"line":56,"column":0},"end":{"line":56,"column":32}},"27":{"start":{"line":59,"column":12},"end":{"line":59,"column":19}},"28":{"start":{"line":61,"column":24},"end":{"line":75,"column":null}},"29":{"start":{"line":61,"column":30},"end":{"line":75,"column":null}},"30":{"start":{"line":61,"column":89},"end":{"line":75,"column":null}},"31":{"start":{"line":62,"column":26},"end":{"line":62,"column":58}},"32":{"start":{"line":64,"column":26},"end":{"line":64,"column":69}},"33":{"start":{"line":66,"column":4},"end":{"line":66,"column":34}},"34":{"start":{"line":66,"column":28},"end":{"line":66,"column":34}},"35":{"start":{"line":68,"column":4},"end":{"line":74,"column":null}},"36":{"start":{"line":61,"column":13},"end":{"line":61,"column":24}},"37":{"start":{"line":77,"column":23},"end":{"line":84,"column":null}},"38":{"start":{"line":77,"column":37},"end":{"line":84,"column":null}},"39":{"start":{"line":77,"column":69},"end":{"line":84,"column":null}},"40":{"start":{"line":78,"column":4},"end":{"line":83,"column":null}},"41":{"start":{"line":77,"column":13},"end":{"line":77,"column":23}},"42":{"start":{"line":86,"column":26},"end":{"line":93,"column":null}},"43":{"start":{"line":86,"column":40},"end":{"line":93,"column":null}},"44":{"start":{"line":86,"column":72},"end":{"line":93,"column":null}},"45":{"start":{"line":87,"column":4},"end":{"line":92,"column":null}},"46":{"start":{"line":86,"column":13},"end":{"line":86,"column":26}},"47":{"start":{"line":95,"column":31},"end":{"line":102,"column":null}},"48":{"start":{"line":95,"column":45},"end":{"line":102,"column":null}},"49":{"start":{"line":95,"column":76},"end":{"line":102,"column":null}},"50":{"start":{"line":96,"column":4},"end":{"line":101,"column":null}},"51":{"start":{"line":95,"column":13},"end":{"line":95,"column":31}}},"fnMap":{"0":{"name":"(anonymous_8)","decl":{"start":{"line":17,"column":23},"end":{"line":17,"column":24}},"loc":{"start":{"line":17,"column":32},"end":{"line":19,"column":9}}},"1":{"name":"(anonymous_9)","decl":{"start":{"line":20,"column":22},"end":{"line":20,"column":23}},"loc":{"start":{"line":20,"column":39},"end":{"line":24,"column":9}}},"2":{"name":"(anonymous_10)","decl":{"start":{"line":25,"column":27},"end":{"line":25,"column":28}},"loc":{"start":{"line":25,"column":36},"end":{"line":27,"column":9}}},"3":{"name":"(anonymous_11)","decl":{"start":{"line":28,"column":18},"end":{"line":28,"column":19}},"loc":{"start":{"line":28,"column":35},"end":{"line":30,"column":9}}},"4":{"name":"(anonymous_12)","decl":{"start":{"line":31,"column":20},"end":{"line":31,"column":21}},"loc":{"start":{"line":31,"column":37},"end":{"line":37,"column":9}}},"5":{"name":"(anonymous_13)","decl":{"start":{"line":33,"column":39},"end":{"line":33,"column":42}},"loc":{"start":{"line":33,"column":46},"end":{"line":33,"column":74}}},"6":{"name":"(anonymous_14)","decl":{"start":{"line":38,"column":21},"end":{"line":38,"column":22}},"loc":{"start":{"line":38,"column":38},"end":{"line":41,"column":9}}},"7":{"name":"(anonymous_15)","decl":{"start":{"line":39,"column":47},"end":{"line":39,"column":48}},"loc":{"start":{"line":39,"column":52},"end":{"line":39,"column":78}}},"8":{"name":"(anonymous_16)","decl":{"start":{"line":42,"column":26},"end":{"line":42,"column":27}},"loc":{"start":{"line":42,"column":43},"end":{"line":51,"column":9}}},"9":{"name":"(anonymous_17)","decl":{"start":{"line":44,"column":46},"end":{"line":44,"column":47}},"loc":{"start":{"line":44,"column":51},"end":{"line":44,"column":77}}},"10":{"name":"(anonymous_18)","decl":{"start":{"line":61,"column":24},"end":{"line":61,"column":27}},"loc":{"start":{"line":61,"column":30},"end":{"line":75,"column":null}}},"11":{"name":"(anonymous_19)","decl":{"start":{"line":61,"column":30},"end":{"line":61,"column":37}},"loc":{"start":{"line":61,"column":89},"end":{"line":75,"column":null}}},"12":{"name":"(anonymous_20)","decl":{"start":{"line":61,"column":89},"end":{"line":61,"column":null}},"loc":{"start":{"line":61,"column":89},"end":{"line":75,"column":1}}},"13":{"name":"(anonymous_21)","decl":{"start":{"line":77,"column":23},"end":{"line":77,"column":24}},"loc":{"start":{"line":77,"column":37},"end":{"line":84,"column":null}}},"14":{"name":"(anonymous_22)","decl":{"start":{"line":77,"column":37},"end":{"line":77,"column":44}},"loc":{"start":{"line":77,"column":69},"end":{"line":84,"column":null}}},"15":{"name":"(anonymous_23)","decl":{"start":{"line":77,"column":69},"end":{"line":77,"column":null}},"loc":{"start":{"line":77,"column":69},"end":{"line":84,"column":1}}},"16":{"name":"(anonymous_24)","decl":{"start":{"line":86,"column":26},"end":{"line":86,"column":27}},"loc":{"start":{"line":86,"column":40},"end":{"line":93,"column":null}}},"17":{"name":"(anonymous_25)","decl":{"start":{"line":86,"column":40},"end":{"line":86,"column":47}},"loc":{"start":{"line":86,"column":72},"end":{"line":93,"column":null}}},"18":{"name":"(anonymous_26)","decl":{"start":{"line":86,"column":72},"end":{"line":86,"column":null}},"loc":{"start":{"line":86,"column":72},"end":{"line":93,"column":1}}},"19":{"name":"(anonymous_27)","decl":{"start":{"line":95,"column":31},"end":{"line":95,"column":32}},"loc":{"start":{"line":95,"column":45},"end":{"line":102,"column":null}}},"20":{"name":"(anonymous_28)","decl":{"start":{"line":95,"column":45},"end":{"line":95,"column":52}},"loc":{"start":{"line":95,"column":76},"end":{"line":102,"column":null}}},"21":{"name":"(anonymous_29)","decl":{"start":{"line":95,"column":76},"end":{"line":95,"column":null}},"loc":{"start":{"line":95,"column":76},"end":{"line":102,"column":1}}}},"branchMap":{"0":{"loc":{"start":{"line":40,"column":12},"end":{"line":40,"column":64}},"type":"if","locations":[{"start":{"line":40,"column":12},"end":{"line":40,"column":64}},{"start":{},"end":{}}]},"1":{"loc":{"start":{"line":47,"column":12},"end":{"line":50,"column":13}},"type":"if","locations":[{"start":{"line":47,"column":12},"end":{"line":50,"column":13}},{"start":{},"end":{}}]},"2":{"loc":{"start":{"line":66,"column":4},"end":{"line":66,"column":34}},"type":"if","locations":[{"start":{"line":66,"column":4},"end":{"line":66,"column":34}},{"start":{},"end":{}}]}},"s":{"0":1,"1":1,"2":1,"3":1,"4":1,"5":1,"6":0,"7":0,"8":0,"9":1,"10":4,"11":0,"12":0,"13":1,"14":1,"15":1,"16":1,"17":0,"18":0,"19":0,"20":0,"21":0,"22":0,"23":0,"24":0,"25":1,"26":1,"27":1,"28":1,"29":1,"30":1,"31":1,"32":1,"33":1,"34":0,"35":1,"36":1,"37":1,"38":5,"39":5,"40":5,"41":1,"42":1,"43":2,"44":2,"45":2,"46":1,"47":1,"48":0,"49":0,"50":0,"51":1},"f":{"0":1,"1":0,"2":1,"3":4,"4":0,"5":0,"6":1,"7":1,"8":0,"9":0,"10":1,"11":1,"12":1,"13":5,"14":5,"15":5,"16":2,"17":2,"18":2,"19":0,"20":0,"21":0},"b":{"0":[1,0],"1":[0,0],"2":[0,1]}}
,"/Users/carlosguisao/Development/Learning/BugTracking Full/BugTracking/src/store/slices/project.ts": {"path":"/Users/carlosguisao/Development/Learning/BugTracking Full/BugTracking/src/store/slices/project.ts","statementMap":{"0":{"start":{"line":1,"column":0},"end":{"line":1,"column":47}},"1":{"start":{"line":8,"column":39},"end":{"line":8,"column":41}},"2":{"start":{"line":10,"column":13},"end":{"line":10,"column":14}},"3":{"start":{"line":12,"column":21},"end":{"line":20,"column":2}},"4":{"start":{"line":17,"column":12},"end":{"line":17,"column":null}},"5":{"start":{"line":22,"column":15},"end":{"line":22,"column":null}},"6":{"start":{"line":23,"column":0},"end":{"line":23,"column":null}}},"fnMap":{"0":{"name":"(anonymous_0)","decl":{"start":{"line":16,"column":22},"end":{"line":16,"column":23}},"loc":{"start":{"line":16,"column":42},"end":{"line":18,"column":9}}}},"branchMap":{},"s":{"0":1,"1":1,"2":1,"3":1,"4":0,"5":1,"6":1},"f":{"0":0},"b":{}}
,"/Users/carlosguisao/Development/Learning/BugTracking Full/BugTracking/src/store/slices/users.ts": {"path":"/Users/carlosguisao/Development/Learning/BugTracking Full/BugTracking/src/store/slices/users.ts","statementMap":{"0":{"start":{"line":1,"column":0},"end":{"line":1,"column":47}},"1":{"start":{"line":8,"column":36},"end":{"line":8,"column":38}},"2":{"start":{"line":10,"column":14},"end":{"line":10,"column":15}},"3":{"start":{"line":12,"column":18},"end":{"line":21,"column":2}},"4":{"start":{"line":17,"column":12},"end":{"line":17,"column":null}},"5":{"start":{"line":18,"column":12},"end":{"line":18,"column":null}},"6":{"start":{"line":23,"column":15},"end":{"line":23,"column":null}},"7":{"start":{"line":24,"column":0},"end":{"line":24,"column":null}}},"fnMap":{"0":{"name":"(anonymous_0)","decl":{"start":{"line":16,"column":19},"end":{"line":16,"column":20}},"loc":{"start":{"line":16,"column":37},"end":{"line":19,"column":9}}}},"branchMap":{},"s":{"0":1,"1":1,"2":1,"3":1,"4":0,"5":0,"6":1,"7":1},"f":{"0":0},"b":{}}
}
