TN:
SF:src/store/entities.ts
FNF:0
FNH:0
DA:1,1
DA:2,1
DA:3,1
DA:4,1
DA:6,1
LF:5
LH:5
BRF:0
BRH:0
end_of_record
TN:
SF:src/store/reducer.ts
FNF:0
FNH:0
DA:1,1
DA:2,1
DA:4,1
LF:3
LH:3
BRF:0
BRH:0
end_of_record
TN:
SF:src/store/store.ts
FN:6,(anonymous_1)
FN:11,(anonymous_2)
FN:22,(anonymous_3)
FN:23,(anonymous_4)
FN:25,(anonymous_5)
FN:25,(anonymous_6)
FN:28,(anonymous_7)
FN:30,(anonymous_8)
FN:32,(anonymous_9)
FN:32,(anonymous_10)
FNF:10
FNH:10
FNDA:7,(anonymous_1)
FNDA:7,(anonymous_2)
FNDA:2,(anonymous_3)
FNDA:2,(anonymous_4)
FNDA:1,(anonymous_5)
FNDA:3,(anonymous_6)
FNDA:1,(anonymous_7)
FNDA:2,(anonymous_8)
FNDA:1,(anonymous_9)
FNDA:3,(anonymous_10)
DA:1,1
DA:2,1
DA:3,1
DA:4,1
DA:6,1
DA:7,7
DA:11,7
DA:20,1
DA:22,2
DA:23,2
DA:25,3
DA:28,1
DA:30,2
DA:32,3
LF:14
LH:14
BRF:0
BRH:0
end_of_record
TN:
SF:src/store/actions/api.ts
FNF:0
FNH:0
DA:1,1
DA:4,1
DA:5,1
DA:6,1
LF:4
LH:4
BRF:0
BRH:0
end_of_record
TN:
SF:src/store/middleware/api.ts
FN:6,isApiCallBeganAction
FN:16,(anonymous_18)
FN:16,(anonymous_19)
FN:16,(anonymous_20)
FN:16,(anonymous_21)
FNF:5
FNH:5
FNDA:23,isApiCallBeganAction
FNDA:7,(anonymous_18)
FNDA:7,(anonymous_19)
FNDA:23,(anonymous_20)
FNDA:23,(anonymous_21)
DA:2,1
DA:4,1
DA:7,23
DA:16,23
DA:17,23
DA:19,8
DA:21,8
DA:23,8
DA:25,8
DA:26,8
DA:33,5
DA:34,5
DA:35,5
DA:42,3
DA:43,3
DA:44,1
DA:52,1
LF:17
LH:17
BRDA:8,0,0,23
BRDA:8,0,1,23
BRDA:8,0,2,23
BRDA:8,0,3,23
BRDA:8,0,4,8
BRDA:17,1,0,15
BRDA:17,1,1,8
BRDA:19,2,0,1
BRDA:21,3,0,1
BRDA:21,3,1,7
BRDA:34,4,0,5
BRDA:34,4,1,0
BRDA:43,5,0,1
BRDA:43,5,1,2
BRF:14
BRH:13
end_of_record
TN:
SF:src/store/slices/bug.ts
FN:17,(anonymous_8)
FN:20,(anonymous_9)
FN:25,(anonymous_10)
FN:28,(anonymous_11)
FN:31,(anonymous_12)
FN:33,(anonymous_13)
FN:38,(anonymous_14)
FN:39,(anonymous_15)
FN:42,(anonymous_16)
FN:44,(anonymous_17)
FN:61,(anonymous_18)
FN:61,(anonymous_19)
FN:61,(anonymous_20)
FN:77,(anonymous_21)
FN:77,(anonymous_22)
FN:77,(anonymous_23)
FN:86,(anonymous_24)
FN:86,(anonymous_25)
FN:86,(anonymous_26)
FN:95,(anonymous_27)
FN:95,(anonymous_28)
FN:95,(anonymous_29)
FNF:22
FNH:14
FNDA:1,(anonymous_8)
FNDA:0,(anonymous_9)
FNDA:1,(anonymous_10)
FNDA:4,(anonymous_11)
FNDA:0,(anonymous_12)
FNDA:0,(anonymous_13)
FNDA:1,(anonymous_14)
FNDA:1,(anonymous_15)
FNDA:0,(anonymous_16)
FNDA:0,(anonymous_17)
FNDA:1,(anonymous_18)
FNDA:1,(anonymous_19)
FNDA:1,(anonymous_20)
FNDA:5,(anonymous_21)
FNDA:5,(anonymous_22)
FNDA:5,(anonymous_23)
FNDA:2,(anonymous_24)
FNDA:2,(anonymous_25)
FNDA:2,(anonymous_26)
FNDA:0,(anonymous_27)
FNDA:0,(anonymous_28)
FNDA:0,(anonymous_29)
DA:1,1
DA:2,1
DA:4,1
DA:7,1
DA:13,1
DA:18,1
DA:21,0
DA:22,0
DA:23,0
DA:26,1
DA:29,4
DA:32,0
DA:33,0
DA:39,1
DA:40,1
DA:43,0
DA:44,0
DA:45,0
DA:46,0
DA:47,0
DA:48,0
DA:49,0
DA:55,1
DA:56,1
DA:59,1
DA:61,1
DA:62,1
DA:64,1
DA:66,1
DA:68,1
DA:77,5
DA:78,5
DA:86,2
DA:87,2
DA:95,1
DA:96,0
LF:36
LH:23
BRDA:40,0,0,1
BRDA:40,0,1,0
BRDA:47,1,0,0
BRDA:47,1,1,0
BRDA:66,2,0,0
BRDA:66,2,1,1
BRF:6
BRH:2
end_of_record
TN:
SF:src/store/slices/project.ts
FN:16,(anonymous_0)
FNF:1
FNH:0
FNDA:0,(anonymous_0)
DA:1,1
DA:8,1
DA:10,1
DA:12,1
DA:17,0
DA:22,1
DA:23,1
LF:7
LH:6
BRF:0
BRH:0
end_of_record
TN:
SF:src/store/slices/users.ts
FN:16,(anonymous_0)
FNF:1
FNH:0
FNDA:0,(anonymous_0)
DA:1,1
DA:8,1
DA:10,1
DA:12,1
DA:17,0
DA:18,0
DA:23,1
DA:24,1
LF:8
LH:6
BRF:0
BRH:0
end_of_record
